  [1m[36m (1.9ms)[0m  [1mCREATE TABLE "schema_migrations" ("version" varchar NOT NULL) [0m
  [1m[35m (0.1ms)[0m  select sqlite_version(*)
  [1m[36m (1.5ms)[0m  [1mCREATE UNIQUE INDEX "unique_schema_migrations" ON "schema_migrations" ("version")[0m
  [1m[35mActiveRecord::SchemaMigration Load (0.1ms)[0m  SELECT "schema_migrations".* FROM "schema_migrations"


Started GET "/" for ::1 at 2015-01-27 16:03:33 -0600
Processing by StaticPagesController#home as HTML
  Rendered static_pages/home.html.erb within layouts/application (1.4ms)
Completed 200 OK in 506ms (Views: 497.5ms | ActiveRecord: 0.0ms)


Started GET "/assets/static_pages-069e88c06b889877799890854d7f4c40.css?body=1" for ::1 at 2015-01-27 16:03:34 -0600


Started GET "/assets/application-823e88bf1231c4323ee1d35731d8f1b6.css?body=1" for ::1 at 2015-01-27 16:03:34 -0600


Started GET "/assets/jquery-eb3e278249152b5b5d5170b73d9dbf52.js?body=1" for ::1 at 2015-01-27 16:03:34 -0600


Started GET "/assets/turbolinks-924184401b7d116eadaaefc96895fa84.js?body=1" for ::1 at 2015-01-27 16:03:34 -0600


Started GET "/assets/jquery_ujs-0b8f09cf5aec4ba1be1abd9f915c77e2.js?body=1" for ::1 at 2015-01-27 16:03:34 -0600


Started GET "/assets/static_pages-8f6eecd1178ef85964369ec66d33c4f1.js?body=1" for ::1 at 2015-01-27 16:03:34 -0600


Started GET "/assets/application-9d71a2f6dda6b569ca80f60714aabe8b.js?body=1" for ::1 at 2015-01-27 16:03:34 -0600


Started GET "/" for ::1 at 2015-01-28 09:27:14 -0600
Processing by StaticPagesController#home as HTML
  Rendered static_pages/home.html.erb within layouts/application (1.9ms)
Completed 200 OK in 115ms (Views: 105.8ms | ActiveRecord: 0.0ms)


Started GET "/assets/static_pages-069e88c06b889877799890854d7f4c40.css?body=1" for ::1 at 2015-01-28 09:27:14 -0600


Started GET "/assets/jquery_ujs-0b8f09cf5aec4ba1be1abd9f915c77e2.js?body=1" for ::1 at 2015-01-28 09:27:14 -0600


Started GET "/assets/static_pages-8f6eecd1178ef85964369ec66d33c4f1.js?body=1" for ::1 at 2015-01-28 09:27:14 -0600


Started GET "/assets/application-823e88bf1231c4323ee1d35731d8f1b6.css?body=1" for ::1 at 2015-01-28 09:27:14 -0600


Started GET "/assets/jquery-eb3e278249152b5b5d5170b73d9dbf52.js?body=1" for ::1 at 2015-01-28 09:27:14 -0600


Started GET "/assets/turbolinks-924184401b7d116eadaaefc96895fa84.js?body=1" for ::1 at 2015-01-28 09:27:14 -0600


Started GET "/assets/application-9d71a2f6dda6b569ca80f60714aabe8b.js?body=1" for ::1 at 2015-01-28 09:27:14 -0600


Started GET "/about" for ::1 at 2015-01-28 09:27:19 -0600

ActionController::RoutingError (No route matches [GET] "/about"):
  web-console (2.0.0) lib/action_dispatch/debug_exceptions.rb:22:in `middleware_call'
  web-console (2.0.0) lib/action_dispatch/debug_exceptions.rb:13:in `call'
  actionpack (4.2.0) lib/action_dispatch/middleware/show_exceptions.rb:30:in `call'
  railties (4.2.0) lib/rails/rack/logger.rb:38:in `call_app'
  railties (4.2.0) lib/rails/rack/logger.rb:20:in `block in call'
  activesupport (4.2.0) lib/active_support/tagged_logging.rb:68:in `block in tagged'
  activesupport (4.2.0) lib/active_support/tagged_logging.rb:26:in `tagged'
  activesupport (4.2.0) lib/active_support/tagged_logging.rb:68:in `tagged'
  railties (4.2.0) lib/rails/rack/logger.rb:20:in `call'
  actionpack (4.2.0) lib/action_dispatch/middleware/request_id.rb:21:in `call'
  rack (1.6.0) lib/rack/methodoverride.rb:22:in `call'
  rack (1.6.0) lib/rack/runtime.rb:18:in `call'
  activesupport (4.2.0) lib/active_support/cache/strategy/local_cache_middleware.rb:28:in `call'
  rack (1.6.0) lib/rack/lock.rb:17:in `call'
  actionpack (4.2.0) lib/action_dispatch/middleware/static.rb:113:in `call'
  rack (1.6.0) lib/rack/sendfile.rb:113:in `call'
  railties (4.2.0) lib/rails/engine.rb:518:in `call'
  railties (4.2.0) lib/rails/application.rb:164:in `call'
  rack (1.6.0) lib/rack/lock.rb:17:in `call'
  rack (1.6.0) lib/rack/content_length.rb:15:in `call'
  rack (1.6.0) lib/rack/handler/webrick.rb:89:in `service'
  /Users/scottwalkerhudson/.rvm/rubies/ruby-2.2.0/lib/ruby/2.2.0/webrick/httpserver.rb:138:in `service'
  /Users/scottwalkerhudson/.rvm/rubies/ruby-2.2.0/lib/ruby/2.2.0/webrick/httpserver.rb:94:in `run'
  /Users/scottwalkerhudson/.rvm/rubies/ruby-2.2.0/lib/ruby/2.2.0/webrick/server.rb:294:in `block in start_thread'


  Rendered /Users/scottwalkerhudson/.rvm/gems/ruby-2.2.0/gems/web-console-2.0.0/lib/action_dispatch/templates/rescues/_trace.html.erb (1.7ms)
  Rendered /Users/scottwalkerhudson/.rvm/gems/ruby-2.2.0/gems/web-console-2.0.0/lib/action_dispatch/templates/routes/_route.html.erb (0.9ms)
  Rendered /Users/scottwalkerhudson/.rvm/gems/ruby-2.2.0/gems/web-console-2.0.0/lib/action_dispatch/templates/routes/_table.html.erb (10.5ms)
  Rendered /Users/scottwalkerhudson/.rvm/gems/ruby-2.2.0/gems/web-console-2.0.0/lib/action_dispatch/templates/rescues/_request_and_response.html.erb (2.0ms)
  Rendered /Users/scottwalkerhudson/.rvm/gems/ruby-2.2.0/gems/web-console-2.0.0/lib/action_dispatch/templates/rescues/_web_console.html.erb (1.1ms)
  Rendered /Users/scottwalkerhudson/.rvm/gems/ruby-2.2.0/gems/web-console-2.0.0/lib/action_dispatch/templates/rescues/routing_error.html.erb within rescues/layout (109.0ms)


Started GET "/" for ::1 at 2015-01-28 09:27:27 -0600
Processing by StaticPagesController#home as HTML
  Rendered static_pages/home.html.erb within layouts/application (0.1ms)
Completed 200 OK in 53ms (Views: 52.7ms | ActiveRecord: 0.0ms)


Started GET "/static_pages" for ::1 at 2015-01-28 09:27:30 -0600

ActionController::RoutingError (No route matches [GET] "/static_pages"):
  web-console (2.0.0) lib/action_dispatch/debug_exceptions.rb:22:in `middleware_call'
  web-console (2.0.0) lib/action_dispatch/debug_exceptions.rb:13:in `call'
  actionpack (4.2.0) lib/action_dispatch/middleware/show_exceptions.rb:30:in `call'
  railties (4.2.0) lib/rails/rack/logger.rb:38:in `call_app'
  railties (4.2.0) lib/rails/rack/logger.rb:20:in `block in call'
  activesupport (4.2.0) lib/active_support/tagged_logging.rb:68:in `block in tagged'
  activesupport (4.2.0) lib/active_support/tagged_logging.rb:26:in `tagged'
  activesupport (4.2.0) lib/active_support/tagged_logging.rb:68:in `tagged'
  railties (4.2.0) lib/rails/rack/logger.rb:20:in `call'
  actionpack (4.2.0) lib/action_dispatch/middleware/request_id.rb:21:in `call'
  rack (1.6.0) lib/rack/methodoverride.rb:22:in `call'
  rack (1.6.0) lib/rack/runtime.rb:18:in `call'
  activesupport (4.2.0) lib/active_support/cache/strategy/local_cache_middleware.rb:28:in `call'
  rack (1.6.0) lib/rack/lock.rb:17:in `call'
  actionpack (4.2.0) lib/action_dispatch/middleware/static.rb:113:in `call'
  rack (1.6.0) lib/rack/sendfile.rb:113:in `call'
  railties (4.2.0) lib/rails/engine.rb:518:in `call'
  railties (4.2.0) lib/rails/application.rb:164:in `call'
  rack (1.6.0) lib/rack/lock.rb:17:in `call'
  rack (1.6.0) lib/rack/content_length.rb:15:in `call'
  rack (1.6.0) lib/rack/handler/webrick.rb:89:in `service'
  /Users/scottwalkerhudson/.rvm/rubies/ruby-2.2.0/lib/ruby/2.2.0/webrick/httpserver.rb:138:in `service'
  /Users/scottwalkerhudson/.rvm/rubies/ruby-2.2.0/lib/ruby/2.2.0/webrick/httpserver.rb:94:in `run'
  /Users/scottwalkerhudson/.rvm/rubies/ruby-2.2.0/lib/ruby/2.2.0/webrick/server.rb:294:in `block in start_thread'


  Rendered /Users/scottwalkerhudson/.rvm/gems/ruby-2.2.0/gems/web-console-2.0.0/lib/action_dispatch/templates/rescues/_trace.html.erb (1.5ms)
  Rendered /Users/scottwalkerhudson/.rvm/gems/ruby-2.2.0/gems/web-console-2.0.0/lib/action_dispatch/templates/routes/_route.html.erb (0.7ms)
  Rendered /Users/scottwalkerhudson/.rvm/gems/ruby-2.2.0/gems/web-console-2.0.0/lib/action_dispatch/templates/routes/_table.html.erb (1.1ms)
  Rendered /Users/scottwalkerhudson/.rvm/gems/ruby-2.2.0/gems/web-console-2.0.0/lib/action_dispatch/templates/rescues/_request_and_response.html.erb (1.2ms)
  Rendered /Users/scottwalkerhudson/.rvm/gems/ruby-2.2.0/gems/web-console-2.0.0/lib/action_dispatch/templates/rescues/_web_console.html.erb (0.9ms)
  Rendered /Users/scottwalkerhudson/.rvm/gems/ruby-2.2.0/gems/web-console-2.0.0/lib/action_dispatch/templates/rescues/routing_error.html.erb within rescues/layout (83.5ms)


Started GET "/static_pages/help" for ::1 at 2015-01-28 09:27:44 -0600
Processing by StaticPagesController#help as HTML
  Rendered static_pages/help.html.erb within layouts/application (0.5ms)
Completed 200 OK in 42ms (Views: 41.3ms | ActiveRecord: 0.0ms)


Started GET "/" for ::1 at 2015-01-28 11:11:01 -0600
Processing by StaticPagesController#home as HTML
  Rendered static_pages/home.html.erb within layouts/application (1.2ms)
Completed 200 OK in 116ms (Views: 106.9ms | ActiveRecord: 0.0ms)


Started GET "/static_pages/help" for ::1 at 2015-01-28 11:11:16 -0600
Processing by StaticPagesController#help as HTML
  Rendered static_pages/help.html.erb within layouts/application (0.4ms)
Completed 200 OK in 43ms (Views: 42.3ms | ActiveRecord: 0.0ms)


Started GET "/static_pages/help" for ::1 at 2015-01-28 13:00:03 -0600
Processing by StaticPagesController#help as HTML
  Rendered static_pages/help.html.erb within layouts/application (0.7ms)
Completed 200 OK in 144ms (Views: 137.9ms | ActiveRecord: 0.0ms)


Started GET "/assets/static_pages-069e88c06b889877799890854d7f4c40.css?body=1" for ::1 at 2015-01-28 13:00:04 -0600


Started GET "/assets/application-823e88bf1231c4323ee1d35731d8f1b6.css?body=1" for ::1 at 2015-01-28 13:00:04 -0600


Started GET "/assets/jquery-eb3e278249152b5b5d5170b73d9dbf52.js?body=1" for ::1 at 2015-01-28 13:00:04 -0600


Started GET "/assets/jquery_ujs-0b8f09cf5aec4ba1be1abd9f915c77e2.js?body=1" for ::1 at 2015-01-28 13:00:04 -0600


Started GET "/assets/turbolinks-924184401b7d116eadaaefc96895fa84.js?body=1" for ::1 at 2015-01-28 13:00:04 -0600


Started GET "/assets/static_pages-8f6eecd1178ef85964369ec66d33c4f1.js?body=1" for ::1 at 2015-01-28 13:00:04 -0600


Started GET "/assets/application-9d71a2f6dda6b569ca80f60714aabe8b.js?body=1" for ::1 at 2015-01-28 13:00:04 -0600


Started GET "/" for ::1 at 2015-02-20 14:55:25 -0600
Processing by StaticPagesController#home as HTML
  Rendered static_pages/home.html.erb within layouts/application (1.4ms)
Completed 200 OK in 1183ms (Views: 1163.1ms | ActiveRecord: 0.0ms)


Started GET "/assets/jquery_ujs-0b8f09cf5aec4ba1be1abd9f915c77e2.js?body=1" for ::1 at 2015-02-20 14:55:26 -0600


Started GET "/assets/static_pages-069e88c06b889877799890854d7f4c40.css?body=1" for ::1 at 2015-02-20 14:55:26 -0600


Started GET "/assets/application-823e88bf1231c4323ee1d35731d8f1b6.css?body=1" for ::1 at 2015-02-20 14:55:26 -0600


Started GET "/assets/static_pages-8f6eecd1178ef85964369ec66d33c4f1.js?body=1" for ::1 at 2015-02-20 14:55:26 -0600


Started GET "/assets/jquery-eb3e278249152b5b5d5170b73d9dbf52.js?body=1" for ::1 at 2015-02-20 14:55:26 -0600


Started GET "/assets/turbolinks-924184401b7d116eadaaefc96895fa84.js?body=1" for ::1 at 2015-02-20 14:55:26 -0600


Started GET "/assets/application-9d71a2f6dda6b569ca80f60714aabe8b.js?body=1" for ::1 at 2015-02-20 14:55:26 -0600


Started GET "/" for ::1 at 2015-02-20 15:03:06 -0600
Processing by StaticPagesController#home as HTML
  Rendered static_pages/home.html.erb within layouts/application (14.0ms)
Completed 200 OK in 70ms (Views: 68.9ms | ActiveRecord: 0.0ms)


Started GET "/assets/static_pages-069e88c06b889877799890854d7f4c40.css?body=1" for ::1 at 2015-02-20 15:03:06 -0600


Started GET "/assets/jquery-eb3e278249152b5b5d5170b73d9dbf52.js?body=1" for ::1 at 2015-02-20 15:03:06 -0600


Started GET "/assets/turbolinks-924184401b7d116eadaaefc96895fa84.js?body=1" for ::1 at 2015-02-20 15:03:06 -0600


Started GET "/assets/static_pages-8f6eecd1178ef85964369ec66d33c4f1.js?body=1" for ::1 at 2015-02-20 15:03:06 -0600


Started GET "/assets/application-823e88bf1231c4323ee1d35731d8f1b6.css?body=1" for ::1 at 2015-02-20 15:03:06 -0600


Started GET "/assets/jquery_ujs-0b8f09cf5aec4ba1be1abd9f915c77e2.js?body=1" for ::1 at 2015-02-20 15:03:06 -0600


Started GET "/assets/application-9d71a2f6dda6b569ca80f60714aabe8b.js?body=1" for ::1 at 2015-02-20 15:03:06 -0600


Started GET "/images/rails.png" for ::1 at 2015-02-20 15:03:06 -0600

ActionController::RoutingError (No route matches [GET] "/images/rails.png"):
  web-console (2.0.0) lib/action_dispatch/debug_exceptions.rb:22:in `middleware_call'
  web-console (2.0.0) lib/action_dispatch/debug_exceptions.rb:13:in `call'
  actionpack (4.2.0) lib/action_dispatch/middleware/show_exceptions.rb:30:in `call'
  railties (4.2.0) lib/rails/rack/logger.rb:38:in `call_app'
  railties (4.2.0) lib/rails/rack/logger.rb:20:in `block in call'
  activesupport (4.2.0) lib/active_support/tagged_logging.rb:68:in `block in tagged'
  activesupport (4.2.0) lib/active_support/tagged_logging.rb:26:in `tagged'
  activesupport (4.2.0) lib/active_support/tagged_logging.rb:68:in `tagged'
  railties (4.2.0) lib/rails/rack/logger.rb:20:in `call'
  actionpack (4.2.0) lib/action_dispatch/middleware/request_id.rb:21:in `call'
  rack (1.6.0) lib/rack/methodoverride.rb:22:in `call'
  rack (1.6.0) lib/rack/runtime.rb:18:in `call'
  activesupport (4.2.0) lib/active_support/cache/strategy/local_cache_middleware.rb:28:in `call'
  rack (1.6.0) lib/rack/lock.rb:17:in `call'
  actionpack (4.2.0) lib/action_dispatch/middleware/static.rb:113:in `call'
  rack (1.6.0) lib/rack/sendfile.rb:113:in `call'
  railties (4.2.0) lib/rails/engine.rb:518:in `call'
  railties (4.2.0) lib/rails/application.rb:164:in `call'
  rack (1.6.0) lib/rack/lock.rb:17:in `call'
  rack (1.6.0) lib/rack/content_length.rb:15:in `call'
  rack (1.6.0) lib/rack/handler/webrick.rb:89:in `service'
  /System/Library/Frameworks/Ruby.framework/Versions/2.0/usr/lib/ruby/2.0.0/webrick/httpserver.rb:138:in `service'
  /System/Library/Frameworks/Ruby.framework/Versions/2.0/usr/lib/ruby/2.0.0/webrick/httpserver.rb:94:in `run'
  /System/Library/Frameworks/Ruby.framework/Versions/2.0/usr/lib/ruby/2.0.0/webrick/server.rb:295:in `block in start_thread'


  Rendered /Library/Ruby/Gems/2.0.0/gems/web-console-2.0.0/lib/action_dispatch/templates/rescues/_trace.html.erb (7.2ms)
  Rendered /Library/Ruby/Gems/2.0.0/gems/web-console-2.0.0/lib/action_dispatch/templates/routes/_route.html.erb (1.0ms)
  Rendered /Library/Ruby/Gems/2.0.0/gems/web-console-2.0.0/lib/action_dispatch/templates/routes/_table.html.erb (15.1ms)
  Rendered /Library/Ruby/Gems/2.0.0/gems/web-console-2.0.0/lib/action_dispatch/templates/rescues/_request_and_response.html.erb (1.5ms)
  Rendered /Library/Ruby/Gems/2.0.0/gems/web-console-2.0.0/lib/action_dispatch/templates/rescues/_web_console.html.erb (2.1ms)
  Rendered /Library/Ruby/Gems/2.0.0/gems/web-console-2.0.0/lib/action_dispatch/templates/rescues/routing_error.html.erb within rescues/layout (147.1ms)


Started GET "/" for ::1 at 2015-02-20 15:05:52 -0600
Processing by StaticPagesController#home as HTML
  Rendered static_pages/home.html.erb within layouts/application (4.4ms)
Completed 200 OK in 52ms (Views: 50.7ms | ActiveRecord: 0.0ms)


Started GET "/assets/static_pages-069e88c06b889877799890854d7f4c40.css?body=1" for ::1 at 2015-02-20 15:05:52 -0600


Started GET "/assets/turbolinks-924184401b7d116eadaaefc96895fa84.js?body=1" for ::1 at 2015-02-20 15:05:52 -0600


Started GET "/assets/jquery-eb3e278249152b5b5d5170b73d9dbf52.js?body=1" for ::1 at 2015-02-20 15:05:52 -0600


Started GET "/assets/jquery_ujs-0b8f09cf5aec4ba1be1abd9f915c77e2.js?body=1" for ::1 at 2015-02-20 15:05:52 -0600


Started GET "/assets/application-823e88bf1231c4323ee1d35731d8f1b6.css?body=1" for ::1 at 2015-02-20 15:05:52 -0600


Started GET "/assets/static_pages-8f6eecd1178ef85964369ec66d33c4f1.js?body=1" for ::1 at 2015-02-20 15:05:52 -0600


Started GET "/assets/application-9d71a2f6dda6b569ca80f60714aabe8b.js?body=1" for ::1 at 2015-02-20 15:05:52 -0600


Started GET "/assets/rails-15ff13e9c3486ddd78bc91be8063523d.png" for ::1 at 2015-02-20 15:05:52 -0600
  [1m[36mActiveRecord::SchemaMigration Load (0.4ms)[0m  [1mSELECT "schema_migrations".* FROM "schema_migrations"[0m


Started GET "/" for 127.0.0.1 at 2015-02-26 15:28:25 -0600
Processing by StaticPagesController#home as HTML
  Rendered static_pages/home.html.erb within layouts/application (3.7ms)
Completed 200 OK in 1314ms (Views: 1304.5ms | ActiveRecord: 0.0ms)


Started GET "/assets/static_pages-069e88c06b889877799890854d7f4c40.css?body=1" for 127.0.0.1 at 2015-02-26 15:28:27 -0600


Started GET "/assets/application-823e88bf1231c4323ee1d35731d8f1b6.css?body=1" for 127.0.0.1 at 2015-02-26 15:28:27 -0600


Started GET "/assets/jquery-eb3e278249152b5b5d5170b73d9dbf52.js?body=1" for 127.0.0.1 at 2015-02-26 15:28:27 -0600


Started GET "/assets/jquery_ujs-0b8f09cf5aec4ba1be1abd9f915c77e2.js?body=1" for 127.0.0.1 at 2015-02-26 15:28:27 -0600


Started GET "/assets/static_pages-8f6eecd1178ef85964369ec66d33c4f1.js?body=1" for 127.0.0.1 at 2015-02-26 15:28:27 -0600


Started GET "/assets/application-9d71a2f6dda6b569ca80f60714aabe8b.js?body=1" for 127.0.0.1 at 2015-02-26 15:28:27 -0600


Started GET "/assets/turbolinks-924184401b7d116eadaaefc96895fa84.js?body=1" for 127.0.0.1 at 2015-02-26 15:28:27 -0600


Started GET "/assets/rails-15ff13e9c3486ddd78bc91be8063523d.png" for 127.0.0.1 at 2015-02-26 15:28:27 -0600
